<?xml version="1.0" encoding="UTF-8"?>
<!-- Generated by org.testng.reporters.JUnitXMLReporter -->
<testsuite ignored="0" hostname="GLB-147-PC" failures="0" tests="1" name="Test" time="42.942" errors="0" timestamp="23 Mar 2018 11:37:45 GMT">
  <testcase classname="com.glb.RestAssuredCore.CreateIssue" name="@BeforeMethod setUp" time="42.792">
    <failure type="io.restassured.path.json.exception.JsonPathException" message="Failed to parse the JSON document">
      <![CDATA[io.restassured.path.json.exception.JsonPathException: Failed to parse the JSON documentat io.restassured.path.json.JsonPath$ExceptionCatcher.invoke(JsonPath.java:930)at io.restassured.path.json.JsonPath$4.doParseWith(JsonPath.java:895)at io.restassured.path.json.JsonPath$JsonParser.parseWith(JsonPath.java:975)at io.restassured.path.json.JsonPath.get(JsonPath.java:201)at com.glb.RestAssuredCore.BaseTest.doLogin(BaseTest.java:31)at com.glb.RestAssuredCore.CreateIssue.setUp(CreateIssue.java:23)Caused by: java.lang.IllegalArgumentException: The JSON input text should neither be null nor empty.at org.codehaus.groovy.runtime.callsite.ConstructorSite$ConstructorSiteNoUnwrapNoCoerce.callConstructor(ConstructorSite.java:105)at org.codehaus.groovy.runtime.callsite.CallSiteArray.defaultCallConstructor(CallSiteArray.java:60)at org.codehaus.groovy.runtime.callsite.AbstractCallSite.callConstructor(AbstractCallSite.java:235)at org.codehaus.groovy.runtime.callsite.AbstractCallSite.callConstructor(AbstractCallSite.java:247)at io.restassured.internal.path.json.ConfigurableJsonSlurper.parseText(ConfigurableJsonSlurper.groovy:80)at io.restassured.path.json.JsonPath$4$1.method(JsonPath.java:893)at io.restassured.path.json.JsonPath$ExceptionCatcher.invoke(JsonPath.java:928)... 33 more... Removed 33 stack frames]]>
    </failure>
  </testcase> <!-- @BeforeMethod setUp -->
  <testcase classname="com.glb.RestAssuredCore.CreateIssue" name="createIssue" time="0.0">
    <skipped/>
  </testcase> <!-- createIssue -->
</testsuite> <!-- Test -->
